{
  "C:\\Users\\xiang\\Documents\\Code Files\\DormDash\\dormdash\\src\\assets\\styles.ts": {
    "path": "C:\\Users\\xiang\\Documents\\Code Files\\DormDash\\dormdash\\src\\assets\\styles.ts",
    "statementMap": {
      "0": {
        "start": { "line": 9, "column": 22 },
        "end": { "line": 42, "column": 1 }
      },
      "1": {
        "start": { "line": 47, "column": 21 },
        "end": { "line": 50, "column": 1 }
      },
      "2": {
        "start": { "line": 53, "column": 26 },
        "end": { "line": 110, "column": 1 }
      },
      "3": {
        "start": { "line": 113, "column": 23 },
        "end": { "line": 121, "column": 1 }
      },
      "4": {
        "start": { "line": 124, "column": 25 },
        "end": { "line": 135, "column": 1 }
      },
      "5": {
        "start": { "line": 138, "column": 28 },
        "end": { "line": 143, "column": 1 }
      },
      "6": {
        "start": { "line": 146, "column": 28 },
        "end": { "line": 228, "column": 1 }
      },
      "7": {
        "start": { "line": 231, "column": 25 },
        "end": { "line": 263, "column": 1 }
      }
    },
    "fnMap": {},
    "branchMap": {},
    "s": { "0": 0, "1": 0, "2": 0, "3": 0, "4": 0, "5": 0, "6": 0, "7": 0 },
    "f": {},
    "b": {}
  },
  "C:\\Users\\xiang\\Documents\\Code Files\\DormDash\\dormdash\\src\\components\\CategorySelect.tsx": {
    "path": "C:\\Users\\xiang\\Documents\\Code Files\\DormDash\\dormdash\\src\\components\\CategorySelect.tsx",
    "statementMap": {},
    "fnMap": {},
    "branchMap": {},
    "s": {},
    "f": {},
    "b": {}
  },
  "C:\\Users\\xiang\\Documents\\Code Files\\DormDash\\dormdash\\src\\components\\ImagePickerGrid.tsx": {
    "path": "C:\\Users\\xiang\\Documents\\Code Files\\DormDash\\dormdash\\src\\components\\ImagePickerGrid.tsx",
    "statementMap": {},
    "fnMap": {},
    "branchMap": {},
    "s": {},
    "f": {},
    "b": {}
  },
  "C:\\Users\\xiang\\Documents\\Code Files\\DormDash\\dormdash\\src\\components\\RatingStars.tsx": {
    "path": "C:\\Users\\xiang\\Documents\\Code Files\\DormDash\\dormdash\\src\\components\\RatingStars.tsx",
    "statementMap": {},
    "fnMap": {},
    "branchMap": {},
    "s": {},
    "f": {},
    "b": {}
  },
  "C:\\Users\\xiang\\Documents\\Code Files\\DormDash\\dormdash\\src\\components\\TagInput.tsx": {
    "path": "C:\\Users\\xiang\\Documents\\Code Files\\DormDash\\dormdash\\src\\components\\TagInput.tsx",
    "statementMap": {},
    "fnMap": {},
    "branchMap": {},
    "s": {},
    "f": {},
    "b": {}
  },
  "C:\\Users\\xiang\\Documents\\Code Files\\DormDash\\dormdash\\src\\components\\TextField.tsx": {
    "path": "C:\\Users\\xiang\\Documents\\Code Files\\DormDash\\dormdash\\src\\components\\TextField.tsx",
    "statementMap": {},
    "fnMap": {},
    "branchMap": {},
    "s": {},
    "f": {},
    "b": {}
  },
  "C:\\Users\\xiang\\Documents\\Code Files\\DormDash\\dormdash\\src\\lib\\supabase.ts": {
    "path": "C:\\Users\\xiang\\Documents\\Code Files\\DormDash\\dormdash\\src\\lib\\supabase.ts",
    "statementMap": {
      "0": {
        "start": { "line": 6, "column": 20 },
        "end": { "line": 6, "column": 56 }
      },
      "1": {
        "start": { "line": 7, "column": 24 },
        "end": { "line": 7, "column": 65 }
      },
      "2": {
        "start": { "line": 9, "column": 24 },
        "end": { "line": 17, "column": 2 }
      },
      "3": {
        "start": { "line": 24, "column": 0 },
        "end": { "line": 32, "column": 1 }
      },
      "4": {
        "start": { "line": 25, "column": 2 },
        "end": { "line": 31, "column": 5 }
      },
      "5": {
        "start": { "line": 26, "column": 4 },
        "end": { "line": 30, "column": 5 }
      },
      "6": {
        "start": { "line": 27, "column": 6 },
        "end": { "line": 27, "column": 39 }
      },
      "7": {
        "start": { "line": 29, "column": 6 },
        "end": { "line": 29, "column": 38 }
      }
    },
    "fnMap": {
      "0": {
        "name": "(anonymous_0)",
        "decl": {
          "start": { "line": 25, "column": 38 },
          "end": { "line": 25, "column": 39 }
        },
        "loc": {
          "start": { "line": 25, "column": 49 },
          "end": { "line": 31, "column": 3 }
        },
        "line": 25
      }
    },
    "branchMap": {
      "0": {
        "loc": {
          "start": { "line": 11, "column": 8 },
          "end": { "line": 11, "column": 62 }
        },
        "type": "cond-expr",
        "locations": [
          {
            "start": { "line": 11, "column": 32 },
            "end": { "line": 11, "column": 57 }
          },
          {
            "start": { "line": 11, "column": 60 },
            "end": { "line": 11, "column": 62 }
          }
        ],
        "line": 11
      },
      "1": {
        "loc": {
          "start": { "line": 24, "column": 0 },
          "end": { "line": 32, "column": 1 }
        },
        "type": "if",
        "locations": [
          {
            "start": { "line": 24, "column": 0 },
            "end": { "line": 32, "column": 1 }
          },
          { "start": {}, "end": {} }
        ],
        "line": 24
      },
      "2": {
        "loc": {
          "start": { "line": 26, "column": 4 },
          "end": { "line": 30, "column": 5 }
        },
        "type": "if",
        "locations": [
          {
            "start": { "line": 26, "column": 4 },
            "end": { "line": 30, "column": 5 }
          },
          {
            "start": { "line": 28, "column": 11 },
            "end": { "line": 30, "column": 5 }
          }
        ],
        "line": 26
      }
    },
    "s": { "0": 0, "1": 0, "2": 0, "3": 0, "4": 0, "5": 0, "6": 0, "7": 0 },
    "f": { "0": 0 },
    "b": { "0": [0, 0], "1": [0, 0], "2": [0, 0] }
  },
  "C:\\Users\\xiang\\Documents\\Code Files\\DormDash\\dormdash\\src\\lib\\api\\storage.ts": {
    "path": "C:\\Users\\xiang\\Documents\\Code Files\\DormDash\\dormdash\\src\\lib\\api\\storage.ts",
    "statementMap": {
      "0": {
        "start": { "line": 6, "column": 12 },
        "end": { "line": 6, "column": 40 }
      },
      "1": {
        "start": { "line": 7, "column": 2 },
        "end": { "line": 7, "column": 42 }
      },
      "2": {
        "start": { "line": 12, "column": 2 },
        "end": { "line": 12, "column": 40 }
      },
      "3": {
        "start": { "line": 12, "column": 21 },
        "end": { "line": 12, "column": 40 }
      },
      "4": {
        "start": { "line": 13, "column": 2 },
        "end": { "line": 13, "column": 42 }
      },
      "5": {
        "start": { "line": 13, "column": 22 },
        "end": { "line": 13, "column": 42 }
      },
      "6": {
        "start": { "line": 14, "column": 2 },
        "end": { "line": 14, "column": 60 }
      },
      "7": {
        "start": { "line": 14, "column": 40 },
        "end": { "line": 14, "column": 60 }
      },
      "8": {
        "start": { "line": 15, "column": 2 },
        "end": { "line": 15, "column": 22 }
      },
      "9": {
        "start": { "line": 28, "column": 14 },
        "end": { "line": 28, "column": 32 }
      },
      "10": {
        "start": { "line": 29, "column": 22 },
        "end": { "line": 29, "column": 36 }
      },
      "11": {
        "start": { "line": 30, "column": 14 },
        "end": { "line": 30, "column": 55 }
      },
      "12": {
        "start": { "line": 31, "column": 17 },
        "end": { "line": 31, "column": 27 }
      },
      "13": {
        "start": { "line": 35, "column": 14 },
        "end": { "line": 35, "column": 35 }
      },
      "14": {
        "start": { "line": 36, "column": 15 },
        "end": { "line": 36, "column": 31 }
      },
      "15": {
        "start": { "line": 38, "column": 27 },
        "end": { "line": 40, "column": 54 }
      },
      "16": {
        "start": { "line": 41, "column": 2 },
        "end": { "line": 41, "column": 25 }
      },
      "17": {
        "start": { "line": 41, "column": 13 },
        "end": { "line": 41, "column": 25 }
      },
      "18": {
        "start": { "line": 44, "column": 24 },
        "end": { "line": 44, "column": 71 }
      },
      "19": {
        "start": { "line": 45, "column": 2 },
        "end": { "line": 45, "column": 23 }
      }
    },
    "fnMap": {
      "0": {
        "name": "guessExt",
        "decl": {
          "start": { "line": 5, "column": 9 },
          "end": { "line": 5, "column": 17 }
        },
        "loc": {
          "start": { "line": 5, "column": 31 },
          "end": { "line": 8, "column": 1 }
        },
        "line": 5
      },
      "1": {
        "name": "guessMime",
        "decl": {
          "start": { "line": 11, "column": 9 },
          "end": { "line": 11, "column": 18 }
        },
        "loc": {
          "start": { "line": 11, "column": 32 },
          "end": { "line": 16, "column": 1 }
        },
        "line": 11
      },
      "2": {
        "name": "uploadImage",
        "decl": {
          "start": { "line": 23, "column": 22 },
          "end": { "line": 23, "column": 33 }
        },
        "loc": {
          "start": { "line": 27, "column": 2 },
          "end": { "line": 46, "column": 1 }
        },
        "line": 27
      }
    },
    "branchMap": {
      "0": {
        "loc": {
          "start": { "line": 7, "column": 10 },
          "end": { "line": 7, "column": 26 }
        },
        "type": "cond-expr",
        "locations": [
          {
            "start": { "line": 7, "column": 14 },
            "end": { "line": 7, "column": 18 }
          },
          {
            "start": { "line": 7, "column": 21 },
            "end": { "line": 7, "column": 26 }
          }
        ],
        "line": 7
      },
      "1": {
        "loc": {
          "start": { "line": 12, "column": 2 },
          "end": { "line": 12, "column": 40 }
        },
        "type": "if",
        "locations": [
          {
            "start": { "line": 12, "column": 2 },
            "end": { "line": 12, "column": 40 }
          },
          { "start": {}, "end": {} }
        ],
        "line": 12
      },
      "2": {
        "loc": {
          "start": { "line": 13, "column": 2 },
          "end": { "line": 13, "column": 42 }
        },
        "type": "if",
        "locations": [
          {
            "start": { "line": 13, "column": 2 },
            "end": { "line": 13, "column": 42 }
          },
          { "start": {}, "end": {} }
        ],
        "line": 13
      },
      "3": {
        "loc": {
          "start": { "line": 14, "column": 2 },
          "end": { "line": 14, "column": 60 }
        },
        "type": "if",
        "locations": [
          {
            "start": { "line": 14, "column": 2 },
            "end": { "line": 14, "column": 60 }
          },
          { "start": {}, "end": {} }
        ],
        "line": 14
      },
      "4": {
        "loc": {
          "start": { "line": 14, "column": 6 },
          "end": { "line": 14, "column": 38 }
        },
        "type": "binary-expr",
        "locations": [
          {
            "start": { "line": 14, "column": 6 },
            "end": { "line": 14, "column": 20 }
          },
          {
            "start": { "line": 14, "column": 24 },
            "end": { "line": 14, "column": 38 }
          }
        ],
        "line": 14
      },
      "5": {
        "loc": {
          "start": { "line": 41, "column": 2 },
          "end": { "line": 41, "column": 25 }
        },
        "type": "if",
        "locations": [
          {
            "start": { "line": 41, "column": 2 },
            "end": { "line": 41, "column": 25 }
          },
          { "start": {}, "end": {} }
        ],
        "line": 41
      }
    },
    "s": {
      "0": 0,
      "1": 0,
      "2": 0,
      "3": 0,
      "4": 0,
      "5": 0,
      "6": 0,
      "7": 0,
      "8": 0,
      "9": 0,
      "10": 0,
      "11": 0,
      "12": 0,
      "13": 0,
      "14": 0,
      "15": 0,
      "16": 0,
      "17": 0,
      "18": 0,
      "19": 0
    },
    "f": { "0": 0, "1": 0, "2": 0 },
    "b": {
      "0": [0, 0],
      "1": [0, 0],
      "2": [0, 0],
      "3": [0, 0],
      "4": [0, 0],
      "5": [0, 0]
    }
  },
  "C:\\Users\\xiang\\Documents\\Code Files\\DormDash\\dormdash\\src\\lib\\utils\\platform.ts": {
    "path": "C:\\Users\\xiang\\Documents\\Code Files\\DormDash\\dormdash\\src\\lib\\utils\\platform.ts",
    "statementMap": {
      "0": {
        "start": { "line": 7, "column": 33 },
        "end": { "line": 23, "column": 1 }
      },
      "1": {
        "start": { "line": 11, "column": 27 },
        "end": { "line": 11, "column": 60 }
      },
      "2": {
        "start": { "line": 13, "column": 17 },
        "end": { "line": 20, "column": 3 }
      },
      "3": {
        "start": { "line": 22, "column": 2 },
        "end": { "line": 22, "column": 20 }
      },
      "4": {
        "start": { "line": 28, "column": 26 },
        "end": { "line": 82, "column": 1 }
      },
      "5": {
        "start": { "line": 29, "column": 2 },
        "end": { "line": 81, "column": 5 }
      },
      "6": {
        "start": { "line": 30, "column": 19 },
        "end": { "line": 30, "column": 35 }
      },
      "7": {
        "start": { "line": 31, "column": 4 },
        "end": { "line": 78, "column": 6 }
      },
      "8": {
        "start": { "line": 32, "column": 6 },
        "end": { "line": 77, "column": 7 }
      },
      "9": {
        "start": { "line": 34, "column": 25 },
        "end": { "line": 34, "column": 59 }
      },
      "10": {
        "start": { "line": 35, "column": 30 },
        "end": { "line": 39, "column": 10 }
      },
      "11": {
        "start": { "line": 41, "column": 27 },
        "end": { "line": 43, "column": 25 }
      },
      "12": {
        "start": { "line": 44, "column": 8 },
        "end": { "line": 44, "column": 49 }
      },
      "13": {
        "start": { "line": 47, "column": 8 },
        "end": { "line": 50, "column": 10 }
      },
      "14": {
        "start": { "line": 52, "column": 20 },
        "end": { "line": 52, "column": 31 }
      },
      "15": {
        "start": { "line": 53, "column": 8 },
        "end": { "line": 74, "column": 10 }
      },
      "16": {
        "start": { "line": 54, "column": 25 },
        "end": { "line": 54, "column": 57 }
      },
      "17": {
        "start": { "line": 55, "column": 10 },
        "end": { "line": 55, "column": 35 }
      },
      "18": {
        "start": { "line": 56, "column": 10 },
        "end": { "line": 56, "column": 37 }
      },
      "19": {
        "start": { "line": 57, "column": 22 },
        "end": { "line": 57, "column": 45 }
      },
      "20": {
        "start": { "line": 58, "column": 10 },
        "end": { "line": 73, "column": 11 }
      },
      "21": {
        "start": { "line": 59, "column": 12 },
        "end": { "line": 59, "column": 37 }
      },
      "22": {
        "start": { "line": 60, "column": 12 },
        "end": { "line": 70, "column": 14 }
      },
      "23": {
        "start": { "line": 62, "column": 16 },
        "end": { "line": 66, "column": 17 }
      },
      "24": {
        "start": { "line": 63, "column": 18 },
        "end": { "line": 63, "column": 53 }
      },
      "25": {
        "start": { "line": 65, "column": 18 },
        "end": { "line": 65, "column": 64 }
      },
      "26": {
        "start": { "line": 72, "column": 12 },
        "end": { "line": 72, "column": 62 }
      },
      "27": {
        "start": { "line": 75, "column": 8 },
        "end": { "line": 75, "column": 67 }
      },
      "28": {
        "start": { "line": 75, "column": 28 },
        "end": { "line": 75, "column": 66 }
      },
      "29": {
        "start": { "line": 76, "column": 8 },
        "end": { "line": 76, "column": 45 }
      },
      "30": {
        "start": { "line": 79, "column": 4 },
        "end": { "line": 79, "column": 65 }
      },
      "31": {
        "start": { "line": 79, "column": 27 },
        "end": { "line": 79, "column": 64 }
      },
      "32": {
        "start": { "line": 80, "column": 4 },
        "end": { "line": 80, "column": 31 }
      },
      "33": {
        "start": { "line": 87, "column": 21 },
        "end": { "line": 120, "column": 1 }
      },
      "34": {
        "start": { "line": 96, "column": 2 },
        "end": { "line": 119, "column": 3 }
      },
      "35": {
        "start": { "line": 98, "column": 4 },
        "end": { "line": 115, "column": 5 }
      },
      "36": {
        "start": { "line": 99, "column": 28 },
        "end": { "line": 101, "column": 7 }
      },
      "37": {
        "start": { "line": 100, "column": 15 },
        "end": { "line": 100, "column": 64 }
      },
      "38": {
        "start": { "line": 102, "column": 32 },
        "end": { "line": 102, "column": 78 }
      },
      "39": {
        "start": { "line": 102, "column": 52 },
        "end": { "line": 102, "column": 77 }
      },
      "40": {
        "start": { "line": 103, "column": 27 },
        "end": { "line": 103, "column": 61 }
      },
      "41": {
        "start": { "line": 105, "column": 21 },
        "end": { "line": 105, "column": 79 }
      },
      "42": {
        "start": { "line": 106, "column": 6 },
        "end": { "line": 111, "column": 7 }
      },
      "43": {
        "start": { "line": 107, "column": 8 },
        "end": { "line": 107, "column": 31 }
      },
      "44": {
        "start": { "line": 109, "column": 29 },
        "end": { "line": 109, "column": 70 }
      },
      "45": {
        "start": { "line": 109, "column": 49 },
        "end": { "line": 109, "column": 69 }
      },
      "46": {
        "start": { "line": 110, "column": 8 },
        "end": { "line": 110, "column": 34 }
      },
      "47": {
        "start": { "line": 113, "column": 6 },
        "end": { "line": 113, "column": 63 }
      },
      "48": {
        "start": { "line": 114, "column": 6 },
        "end": { "line": 114, "column": 32 }
      },
      "49": {
        "start": { "line": 118, "column": 4 },
        "end": { "line": 118, "column": 43 }
      },
      "50": {
        "start": { "line": 126, "column": 25 },
        "end": { "line": 221, "column": 1 }
      },
      "51": {
        "start": { "line": 133, "column": 2 },
        "end": { "line": 220, "column": 3 }
      },
      "52": {
        "start": { "line": 134, "column": 4 },
        "end": { "line": 176, "column": 7 }
      },
      "53": {
        "start": { "line": 135, "column": 20 },
        "end": { "line": 135, "column": 51 }
      },
      "54": {
        "start": { "line": 136, "column": 6 },
        "end": { "line": 136, "column": 26 }
      },
      "55": {
        "start": { "line": 137, "column": 6 },
        "end": { "line": 137, "column": 31 }
      },
      "56": {
        "start": { "line": 138, "column": 6 },
        "end": { "line": 138, "column": 65 }
      },
      "57": {
        "start": { "line": 140, "column": 6 },
        "end": { "line": 172, "column": 8 }
      },
      "58": {
        "start": { "line": 141, "column": 23 },
        "end": { "line": 141, "column": 51 }
      },
      "59": {
        "start": { "line": 142, "column": 22 },
        "end": { "line": 142, "column": 34 }
      },
      "60": {
        "start": { "line": 143, "column": 8 },
        "end": { "line": 146, "column": 9 }
      },
      "61": {
        "start": { "line": 144, "column": 10 },
        "end": { "line": 144, "column": 24 }
      },
      "62": {
        "start": { "line": 145, "column": 10 },
        "end": { "line": 145, "column": 17 }
      },
      "63": {
        "start": { "line": 148, "column": 31 },
        "end": { "line": 148, "column": 33 }
      },
      "64": {
        "start": { "line": 149, "column": 8 },
        "end": { "line": 170, "column": 9 }
      },
      "65": {
        "start": { "line": 149, "column": 21 },
        "end": { "line": 149, "column": 22 }
      },
      "66": {
        "start": { "line": 150, "column": 10 },
        "end": { "line": 150, "column": 76 }
      },
      "67": {
        "start": { "line": 150, "column": 70 },
        "end": { "line": 150, "column": 76 }
      },
      "68": {
        "start": { "line": 152, "column": 23 },
        "end": { "line": 152, "column": 31 }
      },
      "69": {
        "start": { "line": 154, "column": 10 },
        "end": { "line": 169, "column": 11 }
      },
      "70": {
        "start": { "line": 160, "column": 12 },
        "end": { "line": 166, "column": 13 }
      },
      "71": {
        "start": { "line": 161, "column": 35 },
        "end": { "line": 161, "column": 64 }
      },
      "72": {
        "start": { "line": 162, "column": 14 },
        "end": { "line": 162, "column": 38 }
      },
      "73": {
        "start": { "line": 164, "column": 14 },
        "end": { "line": 164, "column": 76 }
      },
      "74": {
        "start": { "line": 165, "column": 14 },
        "end": { "line": 165, "column": 51 }
      },
      "75": {
        "start": { "line": 168, "column": 12 },
        "end": { "line": 168, "column": 49 }
      },
      "76": {
        "start": { "line": 171, "column": 8 },
        "end": { "line": 171, "column": 22 }
      },
      "77": {
        "start": { "line": 174, "column": 6 },
        "end": { "line": 174, "column": 43 }
      },
      "78": {
        "start": { "line": 174, "column": 29 },
        "end": { "line": 174, "column": 42 }
      },
      "79": {
        "start": { "line": 175, "column": 6 },
        "end": { "line": 175, "column": 20 }
      },
      "80": {
        "start": { "line": 179, "column": 24 },
        "end": { "line": 179, "column": 52 }
      },
      "81": {
        "start": { "line": 180, "column": 19 },
        "end": { "line": 187, "column": 6 }
      },
      "82": {
        "start": { "line": 189, "column": 4 },
        "end": { "line": 191, "column": 5 }
      },
      "83": {
        "start": { "line": 190, "column": 6 },
        "end": { "line": 190, "column": 18 }
      },
      "84": {
        "start": { "line": 194, "column": 36 },
        "end": { "line": 194, "column": 38 }
      },
      "85": {
        "start": { "line": 195, "column": 4 },
        "end": { "line": 217, "column": 5 }
      },
      "86": {
        "start": { "line": 196, "column": 18 },
        "end": { "line": 196, "column": 27 }
      },
      "87": {
        "start": { "line": 198, "column": 6 },
        "end": { "line": 216, "column": 7 }
      },
      "88": {
        "start": { "line": 204, "column": 8 },
        "end": { "line": 213, "column": 9 }
      },
      "89": {
        "start": { "line": 205, "column": 31 },
        "end": { "line": 208, "column": 11 }
      },
      "90": {
        "start": { "line": 209, "column": 10 },
        "end": { "line": 209, "column": 43 }
      },
      "91": {
        "start": { "line": 211, "column": 10 },
        "end": { "line": 211, "column": 71 }
      },
      "92": {
        "start": { "line": 212, "column": 10 },
        "end": { "line": 212, "column": 34 }
      },
      "93": {
        "start": { "line": 215, "column": 8 },
        "end": { "line": 215, "column": 32 }
      },
      "94": {
        "start": { "line": 219, "column": 4 },
        "end": { "line": 219, "column": 25 }
      },
      "95": {
        "start": { "line": 226, "column": 31 },
        "end": { "line": 237, "column": 1 }
      },
      "96": {
        "start": { "line": 231, "column": 17 },
        "end": { "line": 235, "column": 4 }
      },
      "97": {
        "start": { "line": 236, "column": 2 },
        "end": { "line": 236, "column": 29 }
      },
      "98": {
        "start": { "line": 243, "column": 37 },
        "end": { "line": 312, "column": 1 }
      },
      "99": {
        "start": { "line": 251, "column": 18 },
        "end": { "line": 251, "column": 22 }
      },
      "100": {
        "start": { "line": 252, "column": 2 },
        "end": { "line": 257, "column": 3 }
      },
      "101": {
        "start": { "line": 256, "column": 4 },
        "end": { "line": 256, "column": 77 }
      },
      "102": {
        "start": { "line": 261, "column": 4 },
        "end": { "line": 263, "column": 19 }
      },
      "103": {
        "start": { "line": 265, "column": 2 },
        "end": { "line": 311, "column": 3 }
      },
      "104": {
        "start": { "line": 267, "column": 21 },
        "end": { "line": 267, "column": 42 }
      },
      "105": {
        "start": { "line": 268, "column": 15 },
        "end": { "line": 268, "column": 36 }
      },
      "106": {
        "start": { "line": 272, "column": 4 },
        "end": { "line": 275, "column": 5 }
      },
      "107": {
        "start": { "line": 274, "column": 6 },
        "end": { "line": 274, "column": 43 }
      },
      "108": {
        "start": { "line": 277, "column": 22 },
        "end": { "line": 279, "column": 79 }
      },
      "109": {
        "start": { "line": 281, "column": 4 },
        "end": { "line": 281, "column": 27 }
      },
      "110": {
        "start": { "line": 281, "column": 15 },
        "end": { "line": 281, "column": 27 }
      },
      "111": {
        "start": { "line": 284, "column": 22 },
        "end": { "line": 284, "column": 30 }
      },
      "112": {
        "start": { "line": 286, "column": 4 },
        "end": { "line": 297, "column": 5 }
      },
      "113": {
        "start": { "line": 292, "column": 6 },
        "end": { "line": 296, "column": 7 }
      },
      "114": {
        "start": { "line": 293, "column": 8 },
        "end": { "line": 293, "column": 69 }
      },
      "115": {
        "start": { "line": 295, "column": 8 },
        "end": { "line": 295, "column": 61 }
      },
      "116": {
        "start": { "line": 299, "column": 21 },
        "end": { "line": 299, "column": 45 }
      },
      "117": {
        "start": { "line": 300, "column": 24 },
        "end": { "line": 300, "column": 52 }
      },
      "118": {
        "start": { "line": 301, "column": 23 },
        "end": { "line": 301, "column": 50 }
      },
      "119": {
        "start": { "line": 303, "column": 22 },
        "end": { "line": 308, "column": 8 }
      },
      "120": {
        "start": { "line": 310, "column": 4 },
        "end": { "line": 310, "column": 27 }
      },
      "121": {
        "start": { "line": 310, "column": 15 },
        "end": { "line": 310, "column": 27 }
      },
      "122": {
        "start": { "line": 317, "column": 26 },
        "end": { "line": 345, "column": 1 }
      },
      "123": {
        "start": { "line": 318, "column": 2 },
        "end": { "line": 344, "column": 5 }
      },
      "124": {
        "start": { "line": 319, "column": 16 },
        "end": { "line": 319, "column": 27 }
      },
      "125": {
        "start": { "line": 320, "column": 4 },
        "end": { "line": 341, "column": 6 }
      },
      "126": {
        "start": { "line": 321, "column": 21 },
        "end": { "line": 321, "column": 53 }
      },
      "127": {
        "start": { "line": 322, "column": 6 },
        "end": { "line": 322, "column": 31 }
      },
      "128": {
        "start": { "line": 323, "column": 6 },
        "end": { "line": 323, "column": 33 }
      },
      "129": {
        "start": { "line": 324, "column": 18 },
        "end": { "line": 324, "column": 41 }
      },
      "130": {
        "start": { "line": 325, "column": 6 },
        "end": { "line": 340, "column": 7 }
      },
      "131": {
        "start": { "line": 326, "column": 8 },
        "end": { "line": 326, "column": 33 }
      },
      "132": {
        "start": { "line": 327, "column": 8 },
        "end": { "line": 337, "column": 10 }
      },
      "133": {
        "start": { "line": 329, "column": 12 },
        "end": { "line": 333, "column": 13 }
      },
      "134": {
        "start": { "line": 330, "column": 14 },
        "end": { "line": 330, "column": 31 }
      },
      "135": {
        "start": { "line": 332, "column": 14 },
        "end": { "line": 332, "column": 60 }
      },
      "136": {
        "start": { "line": 339, "column": 8 },
        "end": { "line": 339, "column": 58 }
      },
      "137": {
        "start": { "line": 342, "column": 4 },
        "end": { "line": 342, "column": 63 }
      },
      "138": {
        "start": { "line": 342, "column": 24 },
        "end": { "line": 342, "column": 62 }
      },
      "139": {
        "start": { "line": 343, "column": 4 },
        "end": { "line": 343, "column": 40 }
      },
      "140": {
        "start": { "line": 350, "column": 21 },
        "end": { "line": 350, "column": 42 }
      },
      "141": {
        "start": { "line": 355, "column": 21 },
        "end": { "line": 355, "column": 42 }
      },
      "142": {
        "start": { "line": 360, "column": 25 },
        "end": { "line": 360, "column": 50 }
      }
    },
    "fnMap": {
      "0": {
        "name": "(anonymous_0)",
        "decl": {
          "start": { "line": 7, "column": 33 },
          "end": { "line": 7, "column": 34 }
        },
        "loc": {
          "start": { "line": 10, "column": 22 },
          "end": { "line": 23, "column": 1 }
        },
        "line": 10
      },
      "1": {
        "name": "(anonymous_1)",
        "decl": {
          "start": { "line": 28, "column": 26 },
          "end": { "line": 28, "column": 27 }
        },
        "loc": {
          "start": { "line": 28, "column": 65 },
          "end": { "line": 82, "column": 1 }
        },
        "line": 28
      },
      "2": {
        "name": "(anonymous_2)",
        "decl": {
          "start": { "line": 29, "column": 21 },
          "end": { "line": 29, "column": 22 }
        },
        "loc": {
          "start": { "line": 29, "column": 42 },
          "end": { "line": 81, "column": 3 }
        },
        "line": 29
      },
      "3": {
        "name": "(anonymous_3)",
        "decl": {
          "start": { "line": 31, "column": 20 },
          "end": { "line": 31, "column": 21 }
        },
        "loc": {
          "start": { "line": 31, "column": 33 },
          "end": { "line": 78, "column": 5 }
        },
        "line": 31
      },
      "4": {
        "name": "(anonymous_4)",
        "decl": {
          "start": { "line": 53, "column": 21 },
          "end": { "line": 53, "column": 22 }
        },
        "loc": {
          "start": { "line": 53, "column": 27 },
          "end": { "line": 74, "column": 9 }
        },
        "line": 53
      },
      "5": {
        "name": "(anonymous_5)",
        "decl": {
          "start": { "line": 61, "column": 14 },
          "end": { "line": 61, "column": 15 }
        },
        "loc": {
          "start": { "line": 61, "column": 24 },
          "end": { "line": 67, "column": 15 }
        },
        "line": 61
      },
      "6": {
        "name": "(anonymous_6)",
        "decl": {
          "start": { "line": 75, "column": 22 },
          "end": { "line": 75, "column": 23 }
        },
        "loc": {
          "start": { "line": 75, "column": 28 },
          "end": { "line": 75, "column": 66 }
        },
        "line": 75
      },
      "7": {
        "name": "(anonymous_7)",
        "decl": {
          "start": { "line": 79, "column": 21 },
          "end": { "line": 79, "column": 22 }
        },
        "loc": {
          "start": { "line": 79, "column": 27 },
          "end": { "line": 79, "column": 64 }
        },
        "line": 79
      },
      "8": {
        "name": "(anonymous_8)",
        "decl": {
          "start": { "line": 87, "column": 21 },
          "end": { "line": 87, "column": 22 }
        },
        "loc": {
          "start": { "line": 95, "column": 5 },
          "end": { "line": 120, "column": 1 }
        },
        "line": 95
      },
      "9": {
        "name": "(anonymous_9)",
        "decl": {
          "start": { "line": 100, "column": 8 },
          "end": { "line": 100, "column": 9 }
        },
        "loc": {
          "start": { "line": 100, "column": 15 },
          "end": { "line": 100, "column": 64 }
        },
        "line": 100
      },
      "10": {
        "name": "(anonymous_10)",
        "decl": {
          "start": { "line": 102, "column": 45 },
          "end": { "line": 102, "column": 46 }
        },
        "loc": {
          "start": { "line": 102, "column": 52 },
          "end": { "line": 102, "column": 77 }
        },
        "line": 102
      },
      "11": {
        "name": "(anonymous_11)",
        "decl": {
          "start": { "line": 109, "column": 42 },
          "end": { "line": 109, "column": 43 }
        },
        "loc": {
          "start": { "line": 109, "column": 49 },
          "end": { "line": 109, "column": 69 }
        },
        "line": 109
      },
      "12": {
        "name": "(anonymous_12)",
        "decl": {
          "start": { "line": 126, "column": 25 },
          "end": { "line": 126, "column": 26 }
        },
        "loc": {
          "start": { "line": 132, "column": 32 },
          "end": { "line": 221, "column": 1 }
        },
        "line": 132
      },
      "13": {
        "name": "(anonymous_13)",
        "decl": {
          "start": { "line": 134, "column": 23 },
          "end": { "line": 134, "column": 24 }
        },
        "loc": {
          "start": { "line": 134, "column": 36 },
          "end": { "line": 176, "column": 5 }
        },
        "line": 134
      },
      "14": {
        "name": "(anonymous_14)",
        "decl": {
          "start": { "line": 140, "column": 23 },
          "end": { "line": 140, "column": 24 }
        },
        "loc": {
          "start": { "line": 140, "column": 36 },
          "end": { "line": 172, "column": 7 }
        },
        "line": 140
      },
      "15": {
        "name": "(anonymous_15)",
        "decl": {
          "start": { "line": 174, "column": 23 },
          "end": { "line": 174, "column": 24 }
        },
        "loc": {
          "start": { "line": 174, "column": 29 },
          "end": { "line": 174, "column": 42 }
        },
        "line": 174
      },
      "16": {
        "name": "(anonymous_16)",
        "decl": {
          "start": { "line": 226, "column": 31 },
          "end": { "line": 226, "column": 32 }
        },
        "loc": {
          "start": { "line": 230, "column": 30 },
          "end": { "line": 237, "column": 1 }
        },
        "line": 230
      },
      "17": {
        "name": "(anonymous_17)",
        "decl": {
          "start": { "line": 243, "column": 37 },
          "end": { "line": 243, "column": 38 }
        },
        "loc": {
          "start": { "line": 249, "column": 20 },
          "end": { "line": 312, "column": 1 }
        },
        "line": 249
      },
      "18": {
        "name": "(anonymous_18)",
        "decl": {
          "start": { "line": 317, "column": 26 },
          "end": { "line": 317, "column": 27 }
        },
        "loc": {
          "start": { "line": 317, "column": 57 },
          "end": { "line": 345, "column": 1 }
        },
        "line": 317
      },
      "19": {
        "name": "(anonymous_19)",
        "decl": {
          "start": { "line": 318, "column": 21 },
          "end": { "line": 318, "column": 22 }
        },
        "loc": {
          "start": { "line": 318, "column": 42 },
          "end": { "line": 344, "column": 3 }
        },
        "line": 318
      },
      "20": {
        "name": "(anonymous_20)",
        "decl": {
          "start": { "line": 320, "column": 17 },
          "end": { "line": 320, "column": 18 }
        },
        "loc": {
          "start": { "line": 320, "column": 23 },
          "end": { "line": 341, "column": 5 }
        },
        "line": 320
      },
      "21": {
        "name": "(anonymous_21)",
        "decl": {
          "start": { "line": 328, "column": 10 },
          "end": { "line": 328, "column": 11 }
        },
        "loc": {
          "start": { "line": 328, "column": 23 },
          "end": { "line": 334, "column": 11 }
        },
        "line": 328
      },
      "22": {
        "name": "(anonymous_22)",
        "decl": {
          "start": { "line": 342, "column": 18 },
          "end": { "line": 342, "column": 19 }
        },
        "loc": {
          "start": { "line": 342, "column": 24 },
          "end": { "line": 342, "column": 62 }
        },
        "line": 342
      }
    },
    "branchMap": {
      "0": {
        "loc": {
          "start": { "line": 9, "column": 2 },
          "end": { "line": 9, "column": 23 }
        },
        "type": "default-arg",
        "locations": [
          {
            "start": { "line": 9, "column": 20 },
            "end": { "line": 9, "column": 23 }
          }
        ],
        "line": 9
      },
      "1": {
        "loc": {
          "start": { "line": 41, "column": 27 },
          "end": { "line": 43, "column": 25 }
        },
        "type": "cond-expr",
        "locations": [
          {
            "start": { "line": 42, "column": 12 },
            "end": { "line": 42, "column": 28 }
          },
          {
            "start": { "line": 43, "column": 12 },
            "end": { "line": 43, "column": 25 }
          }
        ],
        "line": 41
      },
      "2": {
        "loc": {
          "start": { "line": 58, "column": 10 },
          "end": { "line": 73, "column": 11 }
        },
        "type": "if",
        "locations": [
          {
            "start": { "line": 58, "column": 10 },
            "end": { "line": 73, "column": 11 }
          },
          {
            "start": { "line": 71, "column": 17 },
            "end": { "line": 73, "column": 11 }
          }
        ],
        "line": 58
      },
      "3": {
        "loc": {
          "start": { "line": 62, "column": 16 },
          "end": { "line": 66, "column": 17 }
        },
        "type": "if",
        "locations": [
          {
            "start": { "line": 62, "column": 16 },
            "end": { "line": 66, "column": 17 }
          },
          {
            "start": { "line": 64, "column": 23 },
            "end": { "line": 66, "column": 17 }
          }
        ],
        "line": 62
      },
      "4": {
        "loc": {
          "start": { "line": 96, "column": 2 },
          "end": { "line": 119, "column": 3 }
        },
        "type": "if",
        "locations": [
          {
            "start": { "line": 96, "column": 2 },
            "end": { "line": 119, "column": 3 }
          },
          {
            "start": { "line": 116, "column": 9 },
            "end": { "line": 119, "column": 3 }
          }
        ],
        "line": 96
      },
      "5": {
        "loc": {
          "start": { "line": 98, "column": 4 },
          "end": { "line": 115, "column": 5 }
        },
        "type": "if",
        "locations": [
          {
            "start": { "line": 98, "column": 4 },
            "end": { "line": 115, "column": 5 }
          },
          {
            "start": { "line": 112, "column": 11 },
            "end": { "line": 115, "column": 5 }
          }
        ],
        "line": 98
      },
      "6": {
        "loc": {
          "start": { "line": 98, "column": 8 },
          "end": { "line": 98, "column": 37 }
        },
        "type": "binary-expr",
        "locations": [
          {
            "start": { "line": 98, "column": 8 },
            "end": { "line": 98, "column": 15 }
          },
          {
            "start": { "line": 98, "column": 19 },
            "end": { "line": 98, "column": 37 }
          }
        ],
        "line": 98
      },
      "7": {
        "loc": {
          "start": { "line": 100, "column": 15 },
          "end": { "line": 100, "column": 64 }
        },
        "type": "binary-expr",
        "locations": [
          {
            "start": { "line": 100, "column": 15 },
            "end": { "line": 100, "column": 35 }
          },
          {
            "start": { "line": 100, "column": 39 },
            "end": { "line": 100, "column": 64 }
          }
        ],
        "line": 100
      },
      "8": {
        "loc": {
          "start": { "line": 103, "column": 27 },
          "end": { "line": 103, "column": 61 }
        },
        "type": "binary-expr",
        "locations": [
          {
            "start": { "line": 103, "column": 27 },
            "end": { "line": 103, "column": 44 }
          },
          {
            "start": { "line": 103, "column": 48 },
            "end": { "line": 103, "column": 61 }
          }
        ],
        "line": 103
      },
      "9": {
        "loc": {
          "start": { "line": 105, "column": 36 },
          "end": { "line": 105, "column": 78 }
        },
        "type": "cond-expr",
        "locations": [
          {
            "start": { "line": 105, "column": 46 },
            "end": { "line": 105, "column": 70 }
          },
          {
            "start": { "line": 105, "column": 73 },
            "end": { "line": 105, "column": 78 }
          }
        ],
        "line": 105
      },
      "10": {
        "loc": {
          "start": { "line": 106, "column": 6 },
          "end": { "line": 111, "column": 7 }
        },
        "type": "if",
        "locations": [
          {
            "start": { "line": 106, "column": 6 },
            "end": { "line": 111, "column": 7 }
          },
          {
            "start": { "line": 108, "column": 13 },
            "end": { "line": 111, "column": 7 }
          }
        ],
        "line": 106
      },
      "11": {
        "loc": {
          "start": { "line": 106, "column": 10 },
          "end": { "line": 106, "column": 41 }
        },
        "type": "binary-expr",
        "locations": [
          {
            "start": { "line": 106, "column": 10 },
            "end": { "line": 106, "column": 16 }
          },
          {
            "start": { "line": 106, "column": 20 },
            "end": { "line": 106, "column": 41 }
          }
        ],
        "line": 106
      },
      "12": {
        "loc": {
          "start": { "line": 113, "column": 19 },
          "end": { "line": 113, "column": 61 }
        },
        "type": "cond-expr",
        "locations": [
          {
            "start": { "line": 113, "column": 29 },
            "end": { "line": 113, "column": 53 }
          },
          {
            "start": { "line": 113, "column": 56 },
            "end": { "line": 113, "column": 61 }
          }
        ],
        "line": 113
      },
      "13": {
        "loc": {
          "start": { "line": 133, "column": 2 },
          "end": { "line": 220, "column": 3 }
        },
        "type": "if",
        "locations": [
          {
            "start": { "line": 133, "column": 2 },
            "end": { "line": 220, "column": 3 }
          },
          {
            "start": { "line": 177, "column": 9 },
            "end": { "line": 220, "column": 3 }
          }
        ],
        "line": 133
      },
      "14": {
        "loc": {
          "start": { "line": 138, "column": 23 },
          "end": { "line": 138, "column": 64 }
        },
        "type": "binary-expr",
        "locations": [
          {
            "start": { "line": 138, "column": 23 },
            "end": { "line": 138, "column": 55 }
          },
          {
            "start": { "line": 138, "column": 59 },
            "end": { "line": 138, "column": 64 }
          }
        ],
        "line": 138
      },
      "15": {
        "loc": {
          "start": { "line": 143, "column": 8 },
          "end": { "line": 146, "column": 9 }
        },
        "type": "if",
        "locations": [
          {
            "start": { "line": 143, "column": 8 },
            "end": { "line": 146, "column": 9 }
          },
          { "start": {}, "end": {} }
        ],
        "line": 143
      },
      "16": {
        "loc": {
          "start": { "line": 143, "column": 12 },
          "end": { "line": 143, "column": 40 }
        },
        "type": "binary-expr",
        "locations": [
          {
            "start": { "line": 143, "column": 12 },
            "end": { "line": 143, "column": 18 }
          },
          {
            "start": { "line": 143, "column": 22 },
            "end": { "line": 143, "column": 40 }
          }
        ],
        "line": 143
      },
      "17": {
        "loc": {
          "start": { "line": 150, "column": 10 },
          "end": { "line": 150, "column": 76 }
        },
        "type": "if",
        "locations": [
          {
            "start": { "line": 150, "column": 10 },
            "end": { "line": 150, "column": 76 }
          },
          { "start": {}, "end": {} }
        ],
        "line": 150
      },
      "18": {
        "loc": {
          "start": { "line": 150, "column": 14 },
          "end": { "line": 150, "column": 68 }
        },
        "type": "binary-expr",
        "locations": [
          {
            "start": { "line": 150, "column": 14 },
            "end": { "line": 150, "column": 37 }
          },
          {
            "start": { "line": 150, "column": 41 },
            "end": { "line": 150, "column": 68 }
          }
        ],
        "line": 150
      },
      "19": {
        "loc": {
          "start": { "line": 154, "column": 10 },
          "end": { "line": 169, "column": 11 }
        },
        "type": "if",
        "locations": [
          {
            "start": { "line": 154, "column": 10 },
            "end": { "line": 169, "column": 11 }
          },
          {
            "start": { "line": 167, "column": 17 },
            "end": { "line": 169, "column": 11 }
          }
        ],
        "line": 154
      },
      "20": {
        "loc": {
          "start": { "line": 155, "column": 12 },
          "end": { "line": 158, "column": 53 }
        },
        "type": "binary-expr",
        "locations": [
          {
            "start": { "line": 155, "column": 12 },
            "end": { "line": 155, "column": 38 }
          },
          {
            "start": { "line": 156, "column": 12 },
            "end": { "line": 156, "column": 38 }
          },
          {
            "start": { "line": 157, "column": 12 },
            "end": { "line": 157, "column": 53 }
          },
          {
            "start": { "line": 158, "column": 12 },
            "end": { "line": 158, "column": 53 }
          }
        ],
        "line": 155
      },
      "21": {
        "loc": {
          "start": { "line": 182, "column": 31 },
          "end": { "line": 182, "column": 72 }
        },
        "type": "binary-expr",
        "locations": [
          {
            "start": { "line": 182, "column": 31 },
            "end": { "line": 182, "column": 63 }
          },
          {
            "start": { "line": 182, "column": 67 },
            "end": { "line": 182, "column": 72 }
          }
        ],
        "line": 182
      },
      "22": {
        "loc": {
          "start": { "line": 183, "column": 21 },
          "end": { "line": 183, "column": 52 }
        },
        "type": "binary-expr",
        "locations": [
          {
            "start": { "line": 183, "column": 21 },
            "end": { "line": 183, "column": 43 }
          },
          {
            "start": { "line": 183, "column": 47 },
            "end": { "line": 183, "column": 52 }
          }
        ],
        "line": 183
      },
      "23": {
        "loc": {
          "start": { "line": 185, "column": 15 },
          "end": { "line": 185, "column": 38 }
        },
        "type": "binary-expr",
        "locations": [
          {
            "start": { "line": 185, "column": 15 },
            "end": { "line": 185, "column": 31 }
          },
          {
            "start": { "line": 185, "column": 35 },
            "end": { "line": 185, "column": 38 }
          }
        ],
        "line": 185
      },
      "24": {
        "loc": {
          "start": { "line": 189, "column": 4 },
          "end": { "line": 191, "column": 5 }
        },
        "type": "if",
        "locations": [
          {
            "start": { "line": 189, "column": 4 },
            "end": { "line": 191, "column": 5 }
          },
          { "start": {}, "end": {} }
        ],
        "line": 189
      },
      "25": {
        "loc": {
          "start": { "line": 189, "column": 8 },
          "end": { "line": 189, "column": 49 }
        },
        "type": "binary-expr",
        "locations": [
          {
            "start": { "line": 189, "column": 8 },
            "end": { "line": 189, "column": 23 }
          },
          {
            "start": { "line": 189, "column": 27 },
            "end": { "line": 189, "column": 49 }
          }
        ],
        "line": 189
      },
      "26": {
        "loc": {
          "start": { "line": 198, "column": 6 },
          "end": { "line": 216, "column": 7 }
        },
        "type": "if",
        "locations": [
          {
            "start": { "line": 198, "column": 6 },
            "end": { "line": 216, "column": 7 }
          },
          {
            "start": { "line": 214, "column": 13 },
            "end": { "line": 216, "column": 7 }
          }
        ],
        "line": 198
      },
      "27": {
        "loc": {
          "start": { "line": 199, "column": 8 },
          "end": { "line": 202, "column": 40 }
        },
        "type": "binary-expr",
        "locations": [
          {
            "start": { "line": 199, "column": 8 },
            "end": { "line": 199, "column": 43 }
          },
          {
            "start": { "line": 200, "column": 8 },
            "end": { "line": 200, "column": 43 }
          },
          {
            "start": { "line": 201, "column": 8 },
            "end": { "line": 201, "column": 40 }
          },
          {
            "start": { "line": 202, "column": 8 },
            "end": { "line": 202, "column": 40 }
          }
        ],
        "line": 199
      },
      "28": {
        "loc": {
          "start": { "line": 207, "column": 12 },
          "end": { "line": 207, "column": 35 }
        },
        "type": "binary-expr",
        "locations": [
          {
            "start": { "line": 207, "column": 12 },
            "end": { "line": 207, "column": 28 }
          },
          {
            "start": { "line": 207, "column": 32 },
            "end": { "line": 207, "column": 35 }
          }
        ],
        "line": 207
      },
      "29": {
        "loc": {
          "start": { "line": 236, "column": 9 },
          "end": { "line": 236, "column": 28 }
        },
        "type": "binary-expr",
        "locations": [
          {
            "start": { "line": 236, "column": 9 },
            "end": { "line": 236, "column": 20 }
          },
          {
            "start": { "line": 236, "column": 24 },
            "end": { "line": 236, "column": 28 }
          }
        ],
        "line": 236
      },
      "30": {
        "loc": {
          "start": { "line": 248, "column": 2 },
          "end": { "line": 248, "column": 36 }
        },
        "type": "default-arg",
        "locations": [
          {
            "start": { "line": 248, "column": 24 },
            "end": { "line": 248, "column": 36 }
          }
        ],
        "line": 248
      },
      "31": {
        "loc": {
          "start": { "line": 252, "column": 2 },
          "end": { "line": 257, "column": 3 }
        },
        "type": "if",
        "locations": [
          {
            "start": { "line": 252, "column": 2 },
            "end": { "line": 257, "column": 3 }
          },
          { "start": {}, "end": {} }
        ],
        "line": 252
      },
      "32": {
        "loc": {
          "start": { "line": 253, "column": 4 },
          "end": { "line": 254, "column": 40 }
        },
        "type": "binary-expr",
        "locations": [
          {
            "start": { "line": 253, "column": 4 },
            "end": { "line": 253, "column": 40 }
          },
          {
            "start": { "line": 254, "column": 4 },
            "end": { "line": 254, "column": 40 }
          }
        ],
        "line": 253
      },
      "33": {
        "loc": {
          "start": { "line": 261, "column": 4 },
          "end": { "line": 263, "column": 19 }
        },
        "type": "cond-expr",
        "locations": [
          {
            "start": { "line": 262, "column": 8 },
            "end": { "line": 262, "column": 20 }
          },
          {
            "start": { "line": 263, "column": 8 },
            "end": { "line": 263, "column": 19 }
          }
        ],
        "line": 261
      },
      "34": {
        "loc": {
          "start": { "line": 261, "column": 4 },
          "end": { "line": 261, "column": 64 }
        },
        "type": "binary-expr",
        "locations": [
          {
            "start": { "line": 261, "column": 4 },
            "end": { "line": 261, "column": 32 }
          },
          {
            "start": { "line": 261, "column": 36 },
            "end": { "line": 261, "column": 64 }
          }
        ],
        "line": 261
      },
      "35": {
        "loc": {
          "start": { "line": 265, "column": 2 },
          "end": { "line": 311, "column": 3 }
        },
        "type": "if",
        "locations": [
          {
            "start": { "line": 265, "column": 2 },
            "end": { "line": 311, "column": 3 }
          },
          {
            "start": { "line": 282, "column": 9 },
            "end": { "line": 311, "column": 3 }
          }
        ],
        "line": 265
      },
      "36": {
        "loc": {
          "start": { "line": 272, "column": 4 },
          "end": { "line": 275, "column": 5 }
        },
        "type": "if",
        "locations": [
          {
            "start": { "line": 272, "column": 4 },
            "end": { "line": 275, "column": 5 }
          },
          { "start": {}, "end": {} }
        ],
        "line": 272
      },
      "37": {
        "loc": {
          "start": { "line": 272, "column": 8 },
          "end": { "line": 272, "column": 64 }
        },
        "type": "binary-expr",
        "locations": [
          {
            "start": { "line": 272, "column": 8 },
            "end": { "line": 272, "column": 34 }
          },
          {
            "start": { "line": 272, "column": 38 },
            "end": { "line": 272, "column": 64 }
          }
        ],
        "line": 272
      },
      "38": {
        "loc": {
          "start": { "line": 281, "column": 4 },
          "end": { "line": 281, "column": 27 }
        },
        "type": "if",
        "locations": [
          {
            "start": { "line": 281, "column": 4 },
            "end": { "line": 281, "column": 27 }
          },
          { "start": {}, "end": {} }
        ],
        "line": 281
      },
      "39": {
        "loc": {
          "start": { "line": 286, "column": 4 },
          "end": { "line": 297, "column": 5 }
        },
        "type": "if",
        "locations": [
          {
            "start": { "line": 286, "column": 4 },
            "end": { "line": 297, "column": 5 }
          },
          { "start": {}, "end": {} }
        ],
        "line": 286
      },
      "40": {
        "loc": {
          "start": { "line": 287, "column": 6 },
          "end": { "line": 290, "column": 34 }
        },
        "type": "binary-expr",
        "locations": [
          {
            "start": { "line": 287, "column": 6 },
            "end": { "line": 287, "column": 46 }
          },
          {
            "start": { "line": 288, "column": 6 },
            "end": { "line": 288, "column": 46 }
          },
          {
            "start": { "line": 289, "column": 6 },
            "end": { "line": 289, "column": 34 }
          },
          {
            "start": { "line": 290, "column": 6 },
            "end": { "line": 290, "column": 34 }
          }
        ],
        "line": 287
      },
      "41": {
        "loc": {
          "start": { "line": 310, "column": 4 },
          "end": { "line": 310, "column": 27 }
        },
        "type": "if",
        "locations": [
          {
            "start": { "line": 310, "column": 4 },
            "end": { "line": 310, "column": 27 }
          },
          { "start": {}, "end": {} }
        ],
        "line": 310
      },
      "42": {
        "loc": {
          "start": { "line": 325, "column": 6 },
          "end": { "line": 340, "column": 7 }
        },
        "type": "if",
        "locations": [
          {
            "start": { "line": 325, "column": 6 },
            "end": { "line": 340, "column": 7 }
          },
          {
            "start": { "line": 338, "column": 13 },
            "end": { "line": 340, "column": 7 }
          }
        ],
        "line": 325
      },
      "43": {
        "loc": {
          "start": { "line": 329, "column": 12 },
          "end": { "line": 333, "column": 13 }
        },
        "type": "if",
        "locations": [
          {
            "start": { "line": 329, "column": 12 },
            "end": { "line": 333, "column": 13 }
          },
          {
            "start": { "line": 331, "column": 19 },
            "end": { "line": 333, "column": 13 }
          }
        ],
        "line": 329
      }
    },
    "s": {
      "0": 0,
      "1": 0,
      "2": 0,
      "3": 0,
      "4": 0,
      "5": 0,
      "6": 0,
      "7": 0,
      "8": 0,
      "9": 0,
      "10": 0,
      "11": 0,
      "12": 0,
      "13": 0,
      "14": 0,
      "15": 0,
      "16": 0,
      "17": 0,
      "18": 0,
      "19": 0,
      "20": 0,
      "21": 0,
      "22": 0,
      "23": 0,
      "24": 0,
      "25": 0,
      "26": 0,
      "27": 0,
      "28": 0,
      "29": 0,
      "30": 0,
      "31": 0,
      "32": 0,
      "33": 0,
      "34": 0,
      "35": 0,
      "36": 0,
      "37": 0,
      "38": 0,
      "39": 0,
      "40": 0,
      "41": 0,
      "42": 0,
      "43": 0,
      "44": 0,
      "45": 0,
      "46": 0,
      "47": 0,
      "48": 0,
      "49": 0,
      "50": 0,
      "51": 0,
      "52": 0,
      "53": 0,
      "54": 0,
      "55": 0,
      "56": 0,
      "57": 0,
      "58": 0,
      "59": 0,
      "60": 0,
      "61": 0,
      "62": 0,
      "63": 0,
      "64": 0,
      "65": 0,
      "66": 0,
      "67": 0,
      "68": 0,
      "69": 0,
      "70": 0,
      "71": 0,
      "72": 0,
      "73": 0,
      "74": 0,
      "75": 0,
      "76": 0,
      "77": 0,
      "78": 0,
      "79": 0,
      "80": 0,
      "81": 0,
      "82": 0,
      "83": 0,
      "84": 0,
      "85": 0,
      "86": 0,
      "87": 0,
      "88": 0,
      "89": 0,
      "90": 0,
      "91": 0,
      "92": 0,
      "93": 0,
      "94": 0,
      "95": 0,
      "96": 0,
      "97": 0,
      "98": 0,
      "99": 0,
      "100": 0,
      "101": 0,
      "102": 0,
      "103": 0,
      "104": 0,
      "105": 0,
      "106": 0,
      "107": 0,
      "108": 0,
      "109": 0,
      "110": 0,
      "111": 0,
      "112": 0,
      "113": 0,
      "114": 0,
      "115": 0,
      "116": 0,
      "117": 0,
      "118": 0,
      "119": 0,
      "120": 0,
      "121": 0,
      "122": 0,
      "123": 0,
      "124": 0,
      "125": 0,
      "126": 0,
      "127": 0,
      "128": 0,
      "129": 0,
      "130": 0,
      "131": 0,
      "132": 0,
      "133": 0,
      "134": 0,
      "135": 0,
      "136": 0,
      "137": 0,
      "138": 0,
      "139": 0,
      "140": 0,
      "141": 0,
      "142": 0
    },
    "f": {
      "0": 0,
      "1": 0,
      "2": 0,
      "3": 0,
      "4": 0,
      "5": 0,
      "6": 0,
      "7": 0,
      "8": 0,
      "9": 0,
      "10": 0,
      "11": 0,
      "12": 0,
      "13": 0,
      "14": 0,
      "15": 0,
      "16": 0,
      "17": 0,
      "18": 0,
      "19": 0,
      "20": 0,
      "21": 0,
      "22": 0
    },
    "b": {
      "0": [0],
      "1": [0, 0],
      "2": [0, 0],
      "3": [0, 0],
      "4": [0, 0],
      "5": [0, 0],
      "6": [0, 0],
      "7": [0, 0],
      "8": [0, 0],
      "9": [0, 0],
      "10": [0, 0],
      "11": [0, 0],
      "12": [0, 0],
      "13": [0, 0],
      "14": [0, 0],
      "15": [0, 0],
      "16": [0, 0],
      "17": [0, 0],
      "18": [0, 0],
      "19": [0, 0],
      "20": [0, 0, 0, 0],
      "21": [0, 0],
      "22": [0, 0],
      "23": [0, 0],
      "24": [0, 0],
      "25": [0, 0],
      "26": [0, 0],
      "27": [0, 0, 0, 0],
      "28": [0, 0],
      "29": [0, 0],
      "30": [0],
      "31": [0, 0],
      "32": [0, 0],
      "33": [0, 0],
      "34": [0, 0],
      "35": [0, 0],
      "36": [0, 0],
      "37": [0, 0],
      "38": [0, 0],
      "39": [0, 0],
      "40": [0, 0, 0, 0],
      "41": [0, 0],
      "42": [0, 0],
      "43": [0, 0]
    }
  },
  "C:\\Users\\xiang\\Documents\\Code Files\\DormDash\\dormdash\\src\\screens\\HomePage.tsx": {
    "path": "C:\\Users\\xiang\\Documents\\Code Files\\DormDash\\dormdash\\src\\screens\\HomePage.tsx",
    "statementMap": {},
    "fnMap": {},
    "branchMap": {},
    "s": {},
    "f": {},
    "b": {}
  }
}
